


Processing ApplicationController#index (for 127.0.0.1 at 2010-07-15 15:16:53) [GET]

ActionController::RoutingError (No route matches "/" with {:method=>:get}):
  

Rendering rescues/layout (not_found)


Processing ApplicationController#index (for 127.0.0.1 at 2010-07-15 15:18:16) [GET]

ActionController::RoutingError (No route matches "/" with {:method=>:get}):
  

Rendering rescues/layout (not_found)


Processing ApplicationController#index (for 127.0.0.1 at 2010-07-15 15:20:56) [GET]

ActionController::RoutingError (No route matches "/site/index" with {:method=>:get}):
  

Rendering rescues/layout (not_found)


Processing ApplicationController#index (for 127.0.0.1 at 2010-07-15 15:20:59) [GET]

ActionController::RoutingError (No route matches "/site" with {:method=>:get}):
  

Rendering rescues/layout (not_found)


Processing SiteController#index (for 127.0.0.1 at 2010-07-15 15:21:26) [GET]

ActionView::MissingTemplate (Missing template site/index.erb in view path app/views):
  

Rendering rescues/layout (internal_server_error)


Processing SiteController#index (for 127.0.0.1 at 2010-07-15 15:21:30) [GET]

ActionView::MissingTemplate (Missing template site/index.erb in view path app/views):
  

Rendering rescues/layout (internal_server_error)


Processing SiteController#index (for 127.0.0.1 at 2010-07-15 15:21:52) [GET]

ActionView::MissingTemplate (Missing template site/index.erb in view path app/views):
  

Rendering rescues/layout (internal_server_error)


Processing SiteController#index (for 127.0.0.1 at 2010-07-15 15:22:04) [GET]

ActionView::MissingTemplate (Missing template site/HELLOW.erb in view path app/views):
  app/controllers/site_controller.rb:4:in `index'

Rendering rescues/layout (internal_server_error)


Processing SiteController#index (for 127.0.0.1 at 2010-07-15 15:22:35) [GET]
Rendering site/index
Completed in 107ms (View: 105, DB: 0) | 200 OK [http://localhost/]


Processing SiteController#index (for 127.0.0.1 at 2010-07-15 15:28:20) [GET]
Rendering template within layouts/application
Rendering site/index
Completed in 37ms (View: 35, DB: 0) | 200 OK [http://localhost/]


Processing SiteController#index (for 127.0.0.1 at 2010-07-15 15:40:07) [GET]
Rendering template within layouts/application
Rendering site/index
Completed in 37ms (View: 36, DB: 0) | 200 OK [http://localhost/]


Processing SiteController#index (for 127.0.0.1 at 2010-07-15 15:40:18) [GET]
Rendering template within layouts/application
Rendering site/index
Completed in 7ms (View: 6, DB: 0) | 200 OK [http://localhost/]


Processing SiteController#index (for 127.0.0.1 at 2010-07-15 15:54:20) [GET]
Rendering template within layouts/application
Rendering site/index
Completed in 33ms (View: 32, DB: 0) | 200 OK [http://localhost/]


Processing SiteController#index (for 127.0.0.1 at 2010-07-15 15:56:20) [GET]
Rendering template within layouts/application
Rendering site/index
Completed in 88ms (View: 86, DB: 0) | 200 OK [http://localhost/]


Processing SiteController#index (for 127.0.0.1 at 2010-07-15 15:56:29) [GET]
Rendering template within layouts/application
Rendering site/index

ActionView::TemplateError (undefined local variable or method `connect_path' for #<ActionView::Base:0x101dd8c98>) on line #3 of app/views/site/index.html.erb:
1: <p>HEllo</p>
2: 
3: <%= button_to "Connect", connect_path %>

    app/views/site/index.html.erb:3

Rendered rescues/_trace (111.8ms)
Rendered rescues/_request_and_response (1.2ms)
Rendering rescues/layout (internal_server_error)


Processing SiteController#index (for 127.0.0.1 at 2010-07-15 15:57:06) [GET]
Rendering template within layouts/application
Rendering site/index
Completed in 10ms (View: 6, DB: 0) | 200 OK [http://localhost/]


Processing SiteController#connect (for 127.0.0.1 at 2010-07-15 15:57:10) [POST]
  Parameters: {"authenticity_token"=>"Dy4xuA34ewQg68VBz2FgYqZBsnnWBZjjHP4ZEQ789/g="}

NameError (uninitialized constant SiteController::Twitter):
  app/controllers/site_controller.rb:12:in `connect'

Rendered rescues/_trace (46.2ms)
Rendered rescues/_request_and_response (0.3ms)
Rendering rescues/layout (internal_server_error)


Processing SiteController#connect (for 127.0.0.1 at 2010-07-15 15:57:30) [POST]
  Parameters: {"authenticity_token"=>"Dy4xuA34ewQg68VBz2FgYqZBsnnWBZjjHP4ZEQ789/g="}

NameError (uninitialized constant SiteController::Twitter):
  app/controllers/site_controller.rb:12:in `connect'

Rendered rescues/_trace (73.7ms)
Rendered rescues/_request_and_response (0.7ms)
Rendering rescues/layout (internal_server_error)
